<?xml version="1.0" encoding="UTF-8"?>
<testsuite hostname="ICPL12499" name="CI_CD_Demo.Test01" tests="3" failures="2" timestamp="5 Mar 2019 10:02:45 GMT" time="10.601" errors="0">
  <testcase name="verifySearchButtonFail" time="4.399" classname="CI_CD_Demo.Test01">
    <failure type="java.lang.AssertionError" message="Text not found! expected:&amp;lt;Google Fearch&amp;gt; but was:&amp;lt;Google Search&amp;gt;">
      <![CDATA[java.lang.AssertionError: Text not found! expected:<Google Fearch> but was:<Google Search>
	at CI_CD_Demo.Test01.verifySearchButtonFail(Test01.java:54)
... Removed 29 stack frames]]>
    </failure>
  </testcase>
  <testcase name="verifySearchButtonPass" time="0.651" classname="CI_CD_Demo.Test01"/>
  <testcase name="verifySearchButtonFail" time="0.002" classname="CI_CD_Demo.Test02">
    <failure type="java.lang.NullPointerException">
      <![CDATA[java.lang.NullPointerException
	at CI_CD_Demo.Test02.verifySearchButtonFail(Test02.java:20)
... Removed 25 stack frames]]>
    </failure>
  </testcase>
</testsuite>
