<?xml version="1.0" encoding="UTF-8"?>
<!-- Generated by org.testng.reporters.JUnitXMLReporter -->
<testsuite hostname="ICPL12499" name="Test" tests="3" failures="2" timestamp="5 Mar 2019 06:53:37 GMT" time="10.246" errors="0">
  <testcase name="verifySearchButtonFail" time="4.677" classname="CI_CD_Demo.Test01">
    <failure type="java.lang.AssertionError" message="Text not found! expected [Google Fearch] but found [Google Search]">
      <![CDATA[java.lang.AssertionError: Text not found! expected [Google Fearch] but found [Google Search]
	at CI_CD_Demo.Test01.verifySearchButtonFail(Test01.java:54)
... Removed 29 stack frames]]>
    </failure>
  </testcase> <!-- verifySearchButtonFail -->
  <testcase name="verifySearchButtonPass" time="0.614" classname="CI_CD_Demo.Test01"/>
  <testcase name="verifySearchButtonFail" time="0.003" classname="CI_CD_Demo.Test02">
    <failure type="java.lang.NullPointerException">
      <![CDATA[java.lang.NullPointerException
	at CI_CD_Demo.Test02.verifySearchButtonFail(Test02.java:20)
... Removed 24 stack frames]]>
    </failure>
  </testcase> <!-- verifySearchButtonFail -->
</testsuite> <!-- Test -->
